Execute Anonymous

================================

String s;
List<Integer> li = new List<Integer> {10, 20, 30};
s = String.join(li, '/');
System.debug('s ' + s);

================================

31.0 APEX_CODE,DEBUG;APEX_PROFILING,DEBUG;CALLOUT,INFO;DB,INFO;VALIDATION,INFO;WORKFLOW,INFO
Execute Anonymous: String s;
Execute Anonymous: List<Integer> li = new List<Integer> {10, 20, 30};
Execute Anonymous: s = String.join(li, '/');
Execute Anonymous: System.debug('s ' + s);
11:04:01.020 (20933357)|EXECUTION_STARTED
11:04:01.020 (20944705)|CODE_UNIT_STARTED|[EXTERNAL]|execute_anonymous_apex
11:04:01.021 (21796522)|USER_DEBUG|[4]|DEBUG|s 10/20/30
11:04:01.021 (21838812)|CUMULATIVE_LIMIT_USAGE
11:04:01.021 (21838812)|LIMIT_USAGE_FOR_NS|(default)|
  Number of SOQL queries: 0 out of 100
  Number of query rows: 0 out of 50000
  Number of SOSL queries: 0 out of 20
  Number of DML statements: 0 out of 150
  Number of DML rows: 0 out of 10000
  Maximum CPU time: 0 out of 10000
  Maximum heap size: 0 out of 6000000
  Number of callouts: 0 out of 100
  Number of Email Invocations: 0 out of 10
  Number of future calls: 0 out of 50
  Number of queueable jobs added to the queue: 0 out of 50
  Number of Mobile Apex push calls: 0 out of 10

11:04:01.021 (21838812)|CUMULATIVE_LIMIT_USAGE_END

11:04:01.021 (21888694)|CODE_UNIT_FINISHED|execute_anonymous_apex
11:04:01.023 (23162433)|EXECUTION_FINISHED