Execute Anonymous

================================

List<Schema.SObjectField> documentFields = Schema.SObjectType.Document.fields.getMap().values();
System.debug('documentFields' + documentFields);

================================

31.0 APEX_CODE,DEBUG;APEX_PROFILING,DEBUG;CALLOUT,INFO;DB,INFO;VALIDATION,INFO;WORKFLOW,INFO
Execute Anonymous: List<Schema.SObjectField> documentFields = Schema.SObjectType.Document.fields.getMap().values();
Execute Anonymous: System.debug('documentFields' + documentFields);
15:04:30.017 (17952554)|EXECUTION_STARTED
15:04:30.017 (17964970)|CODE_UNIT_STARTED|[EXTERNAL]|execute_anonymous_apex
15:04:30.019 (19430767)|USER_DEBUG|[2]|DEBUG|documentFields(Id, FolderId, IsDeleted, Name, DeveloperName, NamespacePrefix, ContentType, Type, IsPublic, BodyLength, ...)
15:04:30.019 (19474667)|CUMULATIVE_LIMIT_USAGE
15:04:30.019 (19474667)|LIMIT_USAGE_FOR_NS|(default)|
  Number of SOQL queries: 0 out of 100
  Number of query rows: 0 out of 50000
  Number of SOSL queries: 0 out of 20
  Number of DML statements: 0 out of 150
  Number of DML rows: 0 out of 10000
  Maximum CPU time: 0 out of 10000
  Maximum heap size: 0 out of 6000000
  Number of callouts: 0 out of 100
  Number of Email Invocations: 0 out of 10
  Number of future calls: 0 out of 50
  Number of queueable jobs added to the queue: 0 out of 50
  Number of Mobile Apex push calls: 0 out of 10

15:04:30.019 (19474667)|CUMULATIVE_LIMIT_USAGE_END

15:04:30.019 (19509480)|CODE_UNIT_FINISHED|execute_anonymous_apex
15:04:30.020 (20688978)|EXECUTION_FINISHED